Using pre-set license
Built from '2020.3/staging' branch; Version is '2020.3.10f1 (297d780c91bc) revision 2719096'; Using compiler version '192528614'; Build Type 'Release'
OS: 'Windows 10 Pro; OS build 19041.746; Version 2004; 64bit' Language: 'pt' Physical Memory: 16075 MB
BatchMode: 1, IsHumanControllingUs: 0, StartBugReporterOnCrash: 0, Is64bit: 1, IsPro: 0

 COMMAND LINE ARGUMENTS:
C:\Program Files\Unity\Hub\Editor\2020.3.10f1\Editor\Unity.exe
-adb2
-batchMode
-noUpm
-name
AssetImportWorker0
-projectPath
D:/GitHub/Unity/metroidvaniaScifi
-logFile
Logs/AssetImportWorker0.log
-srvPort
63879
Successfully changed project path to: D:/GitHub/Unity/metroidvaniaScifi
D:/GitHub/Unity/metroidvaniaScifi
Using Asset Import Pipeline V2.
Refreshing native plugins compatible for Editor in 71.01 ms, found 3 plugins.
Preloading 0 native plugins for Editor in 0.00 ms.
Initialize engine version: 2020.3.10f1 (297d780c91bc)
[Subsystems] Discovering subsystems at path C:/Program Files/Unity/Hub/Editor/2020.3.10f1/Editor/Data/Resources/UnitySubsystems
[Subsystems] Discovering subsystems at path D:/GitHub/Unity/metroidvaniaScifi/Assets
GfxDevice: creating device client; threaded=0
Direct3D:
    Version:  Direct3D 11.0 [level 11.1]
    Renderer: Intel(R) HD Graphics 530 (ID=0x1912)
    Vendor:   
    VRAM:     8037 MB
    Driver:   27.20.100.8681
Initialize mono
Mono path[0] = 'C:/Program Files/Unity/Hub/Editor/2020.3.10f1/Editor/Data/Managed'
Mono path[1] = 'C:/Program Files/Unity/Hub/Editor/2020.3.10f1/Editor/Data/MonoBleedingEdge/lib/mono/unityjit'
Mono config path = 'C:/Program Files/Unity/Hub/Editor/2020.3.10f1/Editor/Data/MonoBleedingEdge/etc'
Using monoOptions --debugger-agent=transport=dt_socket,embedding=1,server=y,suspend=n,address=127.0.0.1:56676
Begin MonoManager ReloadAssembly
Registering precompiled unity dll's ...
Register platform support module: C:/Program Files/Unity/Hub/Editor/2020.3.10f1/Editor/Data/PlaybackEngines/WindowsStandaloneSupport/UnityEditor.WindowsStandalone.Extensions.dll
Registered in 0.002673 seconds.
Native extension for WindowsStandalone target not found
Refreshing native plugins compatible for Editor in 89.71 ms, found 3 plugins.
Preloading 0 native plugins for Editor in 0.00 ms.
Mono: successfully reloaded assembly
- Completed reload, in  3.796 seconds
Platform modules already initialized, skipping
Registering precompiled user dll's ...
Registered in 0.004791 seconds.
Begin MonoManager ReloadAssembly
Native extension for WindowsStandalone target not found
Refreshing native plugins compatible for Editor in 82.21 ms, found 3 plugins.
Preloading 0 native plugins for Editor in 0.00 ms.
Mono: successfully reloaded assembly
- Completed reload, in  2.692 seconds
Platform modules already initialized, skipping
========================================================================
Worker process is ready to serve import requests
Launched and connected shader compiler UnityShaderCompiler.exe after 0.12 seconds
Refreshing native plugins compatible for Editor in 0.84 ms, found 3 plugins.
Preloading 0 native plugins for Editor in 0.00 ms.
Unloading 2387 Unused Serialized files (Serialized files now loaded: 0)
System memory in use before: 103.6 MB.
System memory in use after: 103.6 MB.

Unloading 35 unused Assets to reduce memory usage. Loaded Objects now: 2822.
Total: 6.464400 ms (FindLiveObjects: 0.451800 ms CreateObjectMapping: 0.172800 ms MarkObjects: 5.661600 ms  DeleteObjects: 0.176400 ms)

========================================================================
Received Import Request.
  path: Assets/Scripts/Player/PlayerStates/SubStates/PlayerIdleState.cs
  artifactKey: Guid(3b7cfc9b4ae67d240ad4f070230a59e5) Importer(815301076,1909f56bfc062723c751e8b465ee728b)
Start importing Assets/Scripts/Player/PlayerStates/SubStates/PlayerIdleState.cs using Guid(3b7cfc9b4ae67d240ad4f070230a59e5) Importer(815301076,1909f56bfc062723c751e8b465ee728b)  -> (artifact id: '8abd494ebaa5b6c337d0f1b2ba0fce4b') in 0.168967 seconds
  Import took 0.240405 seconds .

========================================================================
Received Prepare
Registering precompiled user dll's ...
Registered in 0.004443 seconds.
Begin MonoManager ReloadAssembly
Native extension for WindowsStandalone target not found
Refreshing native plugins compatible for Editor in 0.51 ms, found 3 plugins.
Preloading 0 native plugins for Editor in 0.00 ms.
Mono: successfully reloaded assembly
- Completed reload, in  1.433 seconds
Platform modules already initialized, skipping
Refreshing native plugins compatible for Editor in 0.58 ms, found 3 plugins.
Preloading 0 native plugins for Editor in 0.00 ms.
Unloading 2382 Unused Serialized files (Serialized files now loaded: 0)
System memory in use before: 103.8 MB.
System memory in use after: 103.9 MB.

Unloading 21 unused Assets to reduce memory usage. Loaded Objects now: 2826.
Total: 3.116700 ms (FindLiveObjects: 0.259300 ms CreateObjectMapping: 0.136100 ms MarkObjects: 2.573200 ms  DeleteObjects: 0.146600 ms)

========================================================================
Received Prepare
Registering precompiled user dll's ...
Registered in 0.004617 seconds.
Begin MonoManager ReloadAssembly
Native extension for WindowsStandalone target not found
Refreshing native plugins compatible for Editor in 0.57 ms, found 3 plugins.
Preloading 0 native plugins for Editor in 0.00 ms.
Mono: successfully reloaded assembly
- Completed reload, in  1.427 seconds
Platform modules already initialized, skipping
Refreshing native plugins compatible for Editor in 0.59 ms, found 3 plugins.
Preloading 0 native plugins for Editor in 0.00 ms.
Unloading 2382 Unused Serialized files (Serialized files now loaded: 0)
System memory in use before: 103.9 MB.
System memory in use after: 103.9 MB.

Unloading 21 unused Assets to reduce memory usage. Loaded Objects now: 2830.
Total: 3.560700 ms (FindLiveObjects: 0.524100 ms CreateObjectMapping: 0.374500 ms MarkObjects: 2.498800 ms  DeleteObjects: 0.161800 ms)

========================================================================
Received Prepare
Registering precompiled user dll's ...
Registered in 0.003944 seconds.
Begin MonoManager ReloadAssembly
Native extension for WindowsStandalone target not found
Refreshing native plugins compatible for Editor in 0.69 ms, found 3 plugins.
Preloading 0 native plugins for Editor in 0.00 ms.
Mono: successfully reloaded assembly
- Completed reload, in  1.517 seconds
Platform modules already initialized, skipping
Refreshing native plugins compatible for Editor in 0.52 ms, found 3 plugins.
Preloading 0 native plugins for Editor in 0.00 ms.
Unloading 2382 Unused Serialized files (Serialized files now loaded: 0)
System memory in use before: 103.9 MB.
System memory in use after: 104.0 MB.

Unloading 21 unused Assets to reduce memory usage. Loaded Objects now: 2834.
Total: 6.781400 ms (FindLiveObjects: 0.504400 ms CreateObjectMapping: 0.347400 ms MarkObjects: 5.338300 ms  DeleteObjects: 0.589000 ms)

========================================================================
Received Prepare
Registering precompiled user dll's ...
Registered in 0.007401 seconds.
Begin MonoManager ReloadAssembly
Native extension for WindowsStandalone target not found
Refreshing native plugins compatible for Editor in 0.55 ms, found 3 plugins.
Preloading 0 native plugins for Editor in 0.00 ms.
Mono: successfully reloaded assembly
- Completed reload, in  1.265 seconds
Platform modules already initialized, skipping
Refreshing native plugins compatible for Editor in 0.51 ms, found 3 plugins.
Preloading 0 native plugins for Editor in 0.00 ms.
Unloading 2382 Unused Serialized files (Serialized files now loaded: 0)
System memory in use before: 103.9 MB.
System memory in use after: 104.0 MB.

Unloading 21 unused Assets to reduce memory usage. Loaded Objects now: 2838.
Total: 6.495000 ms (FindLiveObjects: 0.305000 ms CreateObjectMapping: 0.153900 ms MarkObjects: 5.725300 ms  DeleteObjects: 0.308800 ms)

========================================================================
Received Import Request.
  Time since last request: 4573.609548 seconds.
  path: ProjectSettings/TagManager.asset
  artifactKey: Guid(00000000000000003000000000000000) Importer(815301076,1909f56bfc062723c751e8b465ee728b)
Start importing ProjectSettings/TagManager.asset using Guid(00000000000000003000000000000000) Importer(815301076,1909f56bfc062723c751e8b465ee728b)  -> (artifact id: 'cd799a98d138a54110ee51fc80f1bc3e') in 0.025772 seconds
  Import took 0.030740 seconds .

========================================================================
Received Import Request.
  Time since last request: 75.852903 seconds.
  path: Assets/Animation/Animation Controllers/PlayerAC.controller
  artifactKey: Guid(26c1f8e45be94c646aafefa8fa140bdf) Importer(815301076,1909f56bfc062723c751e8b465ee728b)
Start importing Assets/Animation/Animation Controllers/PlayerAC.controller using Guid(26c1f8e45be94c646aafefa8fa140bdf) Importer(815301076,1909f56bfc062723c751e8b465ee728b)  -> (artifact id: 'd1269d365a9f5e0b6460623c52ce5255') in 0.007778 seconds
  Import took 0.032332 seconds .

========================================================================
Received Prepare
Registering precompiled user dll's ...
Registered in 0.003956 seconds.
Begin MonoManager ReloadAssembly
Native extension for WindowsStandalone target not found
Refreshing native plugins compatible for Editor in 0.72 ms, found 3 plugins.
Preloading 0 native plugins for Editor in 0.00 ms.
Mono: successfully reloaded assembly
- Completed reload, in  1.353 seconds
Platform modules already initialized, skipping
Refreshing native plugins compatible for Editor in 0.79 ms, found 3 plugins.
Preloading 0 native plugins for Editor in 0.00 ms.
Unloading 2382 Unused Serialized files (Serialized files now loaded: 0)
System memory in use before: 103.8 MB.
System memory in use after: 103.9 MB.

Unloading 22 unused Assets to reduce memory usage. Loaded Objects now: 2842.
Total: 3.066000 ms (FindLiveObjects: 0.261300 ms CreateObjectMapping: 0.169400 ms MarkObjects: 2.443300 ms  DeleteObjects: 0.191000 ms)

========================================================================
Received Import Request.
  Time since last request: 358.929786 seconds.
  path: Assets/Animation/Animations
  artifactKey: Guid(d3806a95575be474fae1798823b5d823) Importer(815301076,1909f56bfc062723c751e8b465ee728b)
Start importing Assets/Animation/Animations using Guid(d3806a95575be474fae1798823b5d823) Importer(815301076,1909f56bfc062723c751e8b465ee728b)  -> (artifact id: '31e80db5cd7a8376a3f602f778bba5f8') in 0.010624 seconds
  Import took 0.016837 seconds .

========================================================================
Received Import Request.
  Time since last request: 1.964390 seconds.
  path: Assets/Animation/Animations/Player
  artifactKey: Guid(8456d7cfb9449174ea3e56c4c25693fb) Importer(815301076,1909f56bfc062723c751e8b465ee728b)
Start importing Assets/Animation/Animations/Player using Guid(8456d7cfb9449174ea3e56c4c25693fb) Importer(815301076,1909f56bfc062723c751e8b465ee728b)  -> (artifact id: 'e98222250c03b7e338e332ec83be8063') in 0.002294 seconds
  Import took 0.025695 seconds .

========================================================================
Received Prepare
Registering precompiled user dll's ...
Registered in 0.003730 seconds.
Begin MonoManager ReloadAssembly
Native extension for WindowsStandalone target not found
Refreshing native plugins compatible for Editor in 0.63 ms, found 3 plugins.
Preloading 0 native plugins for Editor in 0.00 ms.
Mono: successfully reloaded assembly
- Completed reload, in  1.252 seconds
Platform modules already initialized, skipping
Refreshing native plugins compatible for Editor in 0.48 ms, found 3 plugins.
Preloading 0 native plugins for Editor in 0.00 ms.
Unloading 2382 Unused Serialized files (Serialized files now loaded: 0)
System memory in use before: 103.9 MB.
System memory in use after: 104.0 MB.

Unloading 21 unused Assets to reduce memory usage. Loaded Objects now: 2846.
Total: 3.198000 ms (FindLiveObjects: 0.234100 ms CreateObjectMapping: 0.126200 ms MarkObjects: 2.671900 ms  DeleteObjects: 0.164500 ms)

========================================================================
Received Prepare
Registering precompiled user dll's ...
Registered in 0.003563 seconds.
Begin MonoManager ReloadAssembly
Native extension for WindowsStandalone target not found
Refreshing native plugins compatible for Editor in 0.52 ms, found 3 plugins.
Preloading 0 native plugins for Editor in 0.00 ms.
Mono: successfully reloaded assembly
- Completed reload, in  1.384 seconds
Platform modules already initialized, skipping
Refreshing native plugins compatible for Editor in 0.65 ms, found 3 plugins.
Preloading 0 native plugins for Editor in 0.00 ms.
Unloading 2382 Unused Serialized files (Serialized files now loaded: 0)
System memory in use before: 104.0 MB.
System memory in use after: 104.0 MB.

Unloading 21 unused Assets to reduce memory usage. Loaded Objects now: 2850.
Total: 5.553900 ms (FindLiveObjects: 0.970600 ms CreateObjectMapping: 0.827900 ms MarkObjects: 3.608200 ms  DeleteObjects: 0.145600 ms)

========================================================================
Received Prepare
Registering precompiled user dll's ...
Registered in 0.003289 seconds.
Begin MonoManager ReloadAssembly
Native extension for WindowsStandalone target not found
Refreshing native plugins compatible for Editor in 0.59 ms, found 3 plugins.
Preloading 0 native plugins for Editor in 0.00 ms.
Mono: successfully reloaded assembly
- Completed reload, in  1.185 seconds
Platform modules already initialized, skipping
Refreshing native plugins compatible for Editor in 0.58 ms, found 3 plugins.
Preloading 0 native plugins for Editor in 0.00 ms.
Unloading 2382 Unused Serialized files (Serialized files now loaded: 0)
System memory in use before: 104.0 MB.
System memory in use after: 104.0 MB.

Unloading 21 unused Assets to reduce memory usage. Loaded Objects now: 2854.
Total: 2.839800 ms (FindLiveObjects: 0.263600 ms CreateObjectMapping: 0.126100 ms MarkObjects: 2.266300 ms  DeleteObjects: 0.182700 ms)

========================================================================
Received Prepare
Registering precompiled user dll's ...
Registered in 0.004329 seconds.
Begin MonoManager ReloadAssembly
Native extension for WindowsStandalone target not found
Refreshing native plugins compatible for Editor in 0.55 ms, found 3 plugins.
Preloading 0 native plugins for Editor in 0.00 ms.
Mono: successfully reloaded assembly
- Completed reload, in  1.484 seconds
Platform modules already initialized, skipping
Refreshing native plugins compatible for Editor in 0.66 ms, found 3 plugins.
Preloading 0 native plugins for Editor in 0.00 ms.
Unloading 2382 Unused Serialized files (Serialized files now loaded: 0)
System memory in use before: 104.0 MB.
System memory in use after: 104.1 MB.

Unloading 21 unused Assets to reduce memory usage. Loaded Objects now: 2858.
Total: 2.934900 ms (FindLiveObjects: 0.267000 ms CreateObjectMapping: 0.145500 ms MarkObjects: 2.373800 ms  DeleteObjects: 0.147400 ms)

========================================================================
Received Prepare
Registering precompiled user dll's ...
Registered in 0.004390 seconds.
Begin MonoManager ReloadAssembly
Native extension for WindowsStandalone target not found
Refreshing native plugins compatible for Editor in 0.81 ms, found 3 plugins.
Preloading 0 native plugins for Editor in 0.00 ms.
Mono: successfully reloaded assembly
- Completed reload, in  1.297 seconds
Platform modules already initialized, skipping
Refreshing native plugins compatible for Editor in 0.51 ms, found 3 plugins.
Preloading 0 native plugins for Editor in 0.00 ms.
Unloading 2382 Unused Serialized files (Serialized files now loaded: 0)
System memory in use before: 103.9 MB.
System memory in use after: 104.0 MB.

Unloading 21 unused Assets to reduce memory usage. Loaded Objects now: 2862.
Total: 2.700900 ms (FindLiveObjects: 0.245400 ms CreateObjectMapping: 0.121600 ms MarkObjects: 2.214300 ms  DeleteObjects: 0.118600 ms)

========================================================================
Received Prepare
Registering precompiled user dll's ...
Registered in 0.004884 seconds.
Begin MonoManager ReloadAssembly
Native extension for WindowsStandalone target not found
Refreshing native plugins compatible for Editor in 0.56 ms, found 3 plugins.
Preloading 0 native plugins for Editor in 0.00 ms.
Mono: successfully reloaded assembly
- Completed reload, in  1.416 seconds
Platform modules already initialized, skipping
Refreshing native plugins compatible for Editor in 0.49 ms, found 3 plugins.
Preloading 0 native plugins for Editor in 0.00 ms.
Unloading 2382 Unused Serialized files (Serialized files now loaded: 0)
System memory in use before: 104.0 MB.
System memory in use after: 104.1 MB.

Unloading 21 unused Assets to reduce memory usage. Loaded Objects now: 2866.
Total: 2.725800 ms (FindLiveObjects: 0.300300 ms CreateObjectMapping: 0.118200 ms MarkObjects: 2.134200 ms  DeleteObjects: 0.172200 ms)

========================================================================
Received Prepare
Registering precompiled user dll's ...
Registered in 0.003969 seconds.
Begin MonoManager ReloadAssembly
Native extension for WindowsStandalone target not found
Refreshing native plugins compatible for Editor in 0.50 ms, found 3 plugins.
Preloading 0 native plugins for Editor in 0.00 ms.
Mono: successfully reloaded assembly
- Completed reload, in  1.179 seconds
Platform modules already initialized, skipping
Refreshing native plugins compatible for Editor in 0.54 ms, found 3 plugins.
Preloading 0 native plugins for Editor in 0.00 ms.
Unloading 2382 Unused Serialized files (Serialized files now loaded: 0)
System memory in use before: 104.0 MB.
System memory in use after: 104.1 MB.

Unloading 21 unused Assets to reduce memory usage. Loaded Objects now: 2870.
Total: 3.018600 ms (FindLiveObjects: 0.254000 ms CreateObjectMapping: 0.122500 ms MarkObjects: 2.415500 ms  DeleteObjects: 0.225600 ms)

========================================================================
Received Prepare
Registering precompiled user dll's ...
Registered in 0.015893 seconds.
Begin MonoManager ReloadAssembly
Native extension for WindowsStandalone target not found
Refreshing native plugins compatible for Editor in 0.64 ms, found 3 plugins.
Preloading 0 native plugins for Editor in 0.00 ms.
Invalid AssetDatabase path: /Editor/EditorResources/cm_logo_sm.png. Use path relative to the project folder.
UnityEngine.StackTraceUtility:ExtractStackTrace ()
UnityEditor.AssetDatabase:LoadAssetAtPath<UnityEngine.Texture2D> (string)
Cinemachine.Editor.CinemachineSettings:get_CinemachineLogoTexture () (at Library/PackageCache/com.unity.cinemachine@2.6.5/Editor/Windows/CinemachineSettings.cs:205)
Cinemachine.Editor.CinemachineSettings:.cctor () (at Library/PackageCache/com.unity.cinemachine@2.6.5/Editor/Windows/CinemachineSettings.cs:237)
Cinemachine.CinemachineColliderPrefs:.cctor () (at Library/PackageCache/com.unity.cinemachine@2.6.5/Editor/Windows/CinemachineColliderPrefs.cs:61)
System.Runtime.CompilerServices.RuntimeHelpers:RunClassConstructor (System.RuntimeTypeHandle)
UnityEditor.EditorAssemblies:ProcessInitializeOnLoadAttributes (System.Type[])

[Library/PackageCache/com.unity.cinemachine@2.6.5/Editor/Windows/CinemachineSettings.cs line 205]

Mono: successfully reloaded assembly
- Completed reload, in  1.664 seconds
Platform modules already initialized, skipping
Refreshing native plugins compatible for Editor in 0.60 ms, found 3 plugins.
Preloading 0 native plugins for Editor in 0.00 ms.
Unloading 2528 Unused Serialized files (Serialized files now loaded: 0)
System memory in use before: 109.4 MB.
System memory in use after: 109.5 MB.

Unloading 22 unused Assets to reduce memory usage. Loaded Objects now: 3019.
Total: 3.737900 ms (FindLiveObjects: 0.336500 ms CreateObjectMapping: 0.182400 ms MarkObjects: 3.016100 ms  DeleteObjects: 0.200600 ms)

========================================================================
Received Prepare
Registering precompiled user dll's ...
Registered in 0.005175 seconds.
Begin MonoManager ReloadAssembly
Native extension for WindowsStandalone target not found
Refreshing native plugins compatible for Editor in 0.54 ms, found 3 plugins.
Preloading 0 native plugins for Editor in 0.00 ms.
Mono: successfully reloaded assembly
- Completed reload, in  1.602 seconds
Platform modules already initialized, skipping
Refreshing native plugins compatible for Editor in 0.54 ms, found 3 plugins.
Preloading 0 native plugins for Editor in 0.00 ms.
Unloading 2529 Unused Serialized files (Serialized files now loaded: 0)
System memory in use before: 109.5 MB.
System memory in use after: 109.6 MB.

Unloading 23 unused Assets to reduce memory usage. Loaded Objects now: 3024.
Total: 5.301800 ms (FindLiveObjects: 0.318100 ms CreateObjectMapping: 0.166000 ms MarkObjects: 4.644200 ms  DeleteObjects: 0.171500 ms)

========================================================================
Received Prepare
Registering precompiled user dll's ...
Registered in 0.005834 seconds.
Begin MonoManager ReloadAssembly
Native extension for WindowsStandalone target not found
Refreshing native plugins compatible for Editor in 0.64 ms, found 3 plugins.
Preloading 0 native plugins for Editor in 0.00 ms.
Mono: successfully reloaded assembly
- Completed reload, in  1.495 seconds
Platform modules already initialized, skipping
Refreshing native plugins compatible for Editor in 0.98 ms, found 3 plugins.
Preloading 0 native plugins for Editor in 0.00 ms.
Unloading 2528 Unused Serialized files (Serialized files now loaded: 0)
System memory in use before: 109.4 MB.
System memory in use after: 109.5 MB.

Unloading 23 unused Assets to reduce memory usage. Loaded Objects now: 3028.
Total: 2.857200 ms (FindLiveObjects: 0.271100 ms CreateObjectMapping: 0.153600 ms MarkObjects: 2.292500 ms  DeleteObjects: 0.138800 ms)

========================================================================
Received Prepare
Registering precompiled user dll's ...
Registered in 0.004085 seconds.
Begin MonoManager ReloadAssembly
Native extension for WindowsStandalone target not found
Refreshing native plugins compatible for Editor in 0.52 ms, found 3 plugins.
Preloading 0 native plugins for Editor in 0.00 ms.
Mono: successfully reloaded assembly
- Completed reload, in  1.291 seconds
Platform modules already initialized, skipping
Refreshing native plugins compatible for Editor in 0.60 ms, found 3 plugins.
Preloading 0 native plugins for Editor in 0.00 ms.
Unloading 2528 Unused Serialized files (Serialized files now loaded: 0)
System memory in use before: 109.5 MB.
System memory in use after: 109.6 MB.

Unloading 23 unused Assets to reduce memory usage. Loaded Objects now: 3032.
Total: 2.989600 ms (FindLiveObjects: 0.251900 ms CreateObjectMapping: 0.124600 ms MarkObjects: 2.424800 ms  DeleteObjects: 0.187100 ms)

========================================================================
Received Import Request.
  Time since last request: 2035.520945 seconds.
  path: Assets/Materials
  artifactKey: Guid(be7feb977cad05a409b21be889ba3037) Importer(815301076,1909f56bfc062723c751e8b465ee728b)
Start importing Assets/Materials using Guid(be7feb977cad05a409b21be889ba3037) Importer(815301076,1909f56bfc062723c751e8b465ee728b)  -> (artifact id: '34c8de418fb4995bbf242605ee8d32ae') in 0.007537 seconds
  Import took 0.033771 seconds .

========================================================================
Received Import Request.
  Time since last request: 9.307509 seconds.
  path: Assets/Materials/PlayerMat.physicsMaterial2D
  artifactKey: Guid(a1fe19c66e27d684f9dc4a3739691e9c) Importer(815301076,1909f56bfc062723c751e8b465ee728b)
Start importing Assets/Materials/PlayerMat.physicsMaterial2D using Guid(a1fe19c66e27d684f9dc4a3739691e9c) Importer(815301076,1909f56bfc062723c751e8b465ee728b)  -> (artifact id: '0432e09f3c20f33549adfbca409d9098') in 0.024799 seconds
  Import took 0.030947 seconds .

========================================================================
Received Prepare
Registering precompiled user dll's ...
Registered in 0.005298 seconds.
Begin MonoManager ReloadAssembly
Native extension for WindowsStandalone target not found
Refreshing native plugins compatible for Editor in 0.59 ms, found 3 plugins.
Preloading 0 native plugins for Editor in 0.00 ms.
Mono: successfully reloaded assembly
- Completed reload, in  1.618 seconds
Platform modules already initialized, skipping
Refreshing native plugins compatible for Editor in 0.55 ms, found 3 plugins.
Preloading 0 native plugins for Editor in 0.00 ms.
Unloading 2528 Unused Serialized files (Serialized files now loaded: 0)
System memory in use before: 109.6 MB.
System memory in use after: 109.6 MB.

Unloading 23 unused Assets to reduce memory usage. Loaded Objects now: 3036.
Total: 3.586800 ms (FindLiveObjects: 0.388700 ms CreateObjectMapping: 0.321600 ms MarkObjects: 2.726000 ms  DeleteObjects: 0.148500 ms)

========================================================================
Received Import Request.
  Time since last request: 301.967182 seconds.
  path: Assets/Scripts/Player/Data/PlayerData.asset
  artifactKey: Guid(fbcd4aa0251cf7f41a02a36c63b68a3e) Importer(815301076,1909f56bfc062723c751e8b465ee728b)
Start importing Assets/Scripts/Player/Data/PlayerData.asset using Guid(fbcd4aa0251cf7f41a02a36c63b68a3e) Importer(815301076,1909f56bfc062723c751e8b465ee728b)  -> (artifact id: '526fa5f7a4dd9dd19bca6094e9dcaaff') in 0.018648 seconds
  Import took 0.031628 seconds .

========================================================================
Received Import Request.
  Time since last request: 0.000726 seconds.
  path: Assets/Scripts/Player/Data/PlayerData.asset
  artifactKey: Guid(fbcd4aa0251cf7f41a02a36c63b68a3e) Importer(815301076,1909f56bfc062723c751e8b465ee728b)
Start importing Assets/Scripts/Player/Data/PlayerData.asset using Guid(fbcd4aa0251cf7f41a02a36c63b68a3e) Importer(815301076,1909f56bfc062723c751e8b465ee728b)  -> (artifact id: '526fa5f7a4dd9dd19bca6094e9dcaaff') in 0.006950 seconds
  Import took 0.013838 seconds .

========================================================================
Received Prepare
Registering precompiled user dll's ...
Registered in 0.003952 seconds.
Begin MonoManager ReloadAssembly
Native extension for WindowsStandalone target not found
Refreshing native plugins compatible for Editor in 0.53 ms, found 3 plugins.
Preloading 0 native plugins for Editor in 0.00 ms.
Mono: successfully reloaded assembly
- Completed reload, in  1.332 seconds
Platform modules already initialized, skipping
Refreshing native plugins compatible for Editor in 0.56 ms, found 3 plugins.
Preloading 0 native plugins for Editor in 0.00 ms.
Unloading 2528 Unused Serialized files (Serialized files now loaded: 0)
System memory in use before: 109.6 MB.
System memory in use after: 109.6 MB.

Unloading 23 unused Assets to reduce memory usage. Loaded Objects now: 3040.
Total: 3.015100 ms (FindLiveObjects: 0.259200 ms CreateObjectMapping: 0.132000 ms MarkObjects: 2.486400 ms  DeleteObjects: 0.136000 ms)

========================================================================
Received Prepare
Registering precompiled user dll's ...
Registered in 0.003684 seconds.
Begin MonoManager ReloadAssembly
Native extension for WindowsStandalone target not found
Refreshing native plugins compatible for Editor in 0.56 ms, found 3 plugins.
Preloading 0 native plugins for Editor in 0.00 ms.
Mono: successfully reloaded assembly
- Completed reload, in  1.318 seconds
Platform modules already initialized, skipping
Refreshing native plugins compatible for Editor in 0.51 ms, found 3 plugins.
Preloading 0 native plugins for Editor in 0.00 ms.
Unloading 2528 Unused Serialized files (Serialized files now loaded: 0)
System memory in use before: 109.6 MB.
System memory in use after: 109.6 MB.

Unloading 23 unused Assets to reduce memory usage. Loaded Objects now: 3044.
Total: 3.483300 ms (FindLiveObjects: 0.415500 ms CreateObjectMapping: 0.157300 ms MarkObjects: 2.706700 ms  DeleteObjects: 0.202300 ms)

========================================================================
Received Import Request.
  Time since last request: 550.052737 seconds.
  path: Assets/Scripts/Player/PlayerStates/SuperStates/PlayerTouchingWallState.cs
  artifactKey: Guid(067b68ef569bd9a45ba2f9851ee20bf2) Importer(815301076,1909f56bfc062723c751e8b465ee728b)
Start importing Assets/Scripts/Player/PlayerStates/SuperStates/PlayerTouchingWallState.cs using Guid(067b68ef569bd9a45ba2f9851ee20bf2) Importer(815301076,1909f56bfc062723c751e8b465ee728b)  -> (artifact id: '916a1c045c657e7917fc11cf746d8b32') in 0.011702 seconds
  Import took 0.017817 seconds .

========================================================================
Received Prepare
Registering precompiled user dll's ...
Registered in 0.004755 seconds.
Begin MonoManager ReloadAssembly
Native extension for WindowsStandalone target not found
Refreshing native plugins compatible for Editor in 0.69 ms, found 3 plugins.
Preloading 0 native plugins for Editor in 0.00 ms.
Mono: successfully reloaded assembly
- Completed reload, in  1.687 seconds
Platform modules already initialized, skipping
Refreshing native plugins compatible for Editor in 0.53 ms, found 3 plugins.
Preloading 0 native plugins for Editor in 0.00 ms.
Unloading 2529 Unused Serialized files (Serialized files now loaded: 0)
System memory in use before: 109.5 MB.
System memory in use after: 109.6 MB.

Unloading 23 unused Assets to reduce memory usage. Loaded Objects now: 3049.
Total: 5.848000 ms (FindLiveObjects: 1.140600 ms CreateObjectMapping: 0.357300 ms MarkObjects: 4.075000 ms  DeleteObjects: 0.255900 ms)

========================================================================
Received Prepare
Registering precompiled user dll's ...
Registered in 0.006047 seconds.
Begin MonoManager ReloadAssembly
Native extension for WindowsStandalone target not found
Refreshing native plugins compatible for Editor in 0.54 ms, found 3 plugins.
Preloading 0 native plugins for Editor in 0.00 ms.
Mono: successfully reloaded assembly
- Completed reload, in  1.433 seconds
Platform modules already initialized, skipping
Refreshing native plugins compatible for Editor in 0.65 ms, found 3 plugins.
Preloading 0 native plugins for Editor in 0.00 ms.
Unloading 2529 Unused Serialized files (Serialized files now loaded: 0)
System memory in use before: 109.6 MB.
System memory in use after: 109.7 MB.

Unloading 23 unused Assets to reduce memory usage. Loaded Objects now: 3053.
Total: 3.376200 ms (FindLiveObjects: 0.304900 ms CreateObjectMapping: 0.139800 ms MarkObjects: 2.735400 ms  DeleteObjects: 0.194900 ms)

========================================================================
Received Import Request.
  Time since last request: 28.180025 seconds.
  path: Assets/Scripts/Player/PlayerStates/SubStates/PlayerWallSlideState.cs
  artifactKey: Guid(f1150601a4499654da40cafbf7f532fd) Importer(815301076,1909f56bfc062723c751e8b465ee728b)
Start importing Assets/Scripts/Player/PlayerStates/SubStates/PlayerWallSlideState.cs using Guid(f1150601a4499654da40cafbf7f532fd) Importer(815301076,1909f56bfc062723c751e8b465ee728b)  -> (artifact id: '85a46f417bbe335f519b5c987174419a') in 0.011522 seconds
  Import took 0.021365 seconds .

========================================================================
Received Prepare
Registering precompiled user dll's ...
Registered in 0.003729 seconds.
Begin MonoManager ReloadAssembly
Native extension for WindowsStandalone target not found
Refreshing native plugins compatible for Editor in 0.84 ms, found 3 plugins.
Preloading 0 native plugins for Editor in 0.00 ms.
Mono: successfully reloaded assembly
- Completed reload, in  1.479 seconds
Platform modules already initialized, skipping
Refreshing native plugins compatible for Editor in 0.56 ms, found 3 plugins.
Preloading 0 native plugins for Editor in 0.00 ms.
Unloading 2530 Unused Serialized files (Serialized files now loaded: 0)
System memory in use before: 109.6 MB.
System memory in use after: 109.7 MB.

Unloading 23 unused Assets to reduce memory usage. Loaded Objects now: 3058.
Total: 5.730200 ms (FindLiveObjects: 0.433300 ms CreateObjectMapping: 0.230500 ms MarkObjects: 4.827900 ms  DeleteObjects: 0.236800 ms)

========================================================================
Received Import Request.
  Time since last request: 11.199533 seconds.
  path: Assets/Scripts/Player/PlayerStates/SubStates/PlayerWallGrabState.cs
  artifactKey: Guid(f28ef7d3d16a2d94ab60f3a4791af7c8) Importer(815301076,1909f56bfc062723c751e8b465ee728b)
Start importing Assets/Scripts/Player/PlayerStates/SubStates/PlayerWallGrabState.cs using Guid(f28ef7d3d16a2d94ab60f3a4791af7c8) Importer(815301076,1909f56bfc062723c751e8b465ee728b)  -> (artifact id: '4a9d22c882eada7dac4e30a1a19e5767') in 0.012420 seconds
  Import took 0.018052 seconds .

========================================================================
Received Prepare
Registering precompiled user dll's ...
Registered in 0.013098 seconds.
Begin MonoManager ReloadAssembly
Native extension for WindowsStandalone target not found
Refreshing native plugins compatible for Editor in 0.55 ms, found 3 plugins.
Preloading 0 native plugins for Editor in 0.00 ms.
Mono: successfully reloaded assembly
- Completed reload, in  1.367 seconds
Platform modules already initialized, skipping
Refreshing native plugins compatible for Editor in 0.53 ms, found 3 plugins.
Preloading 0 native plugins for Editor in 0.00 ms.
Unloading 2531 Unused Serialized files (Serialized files now loaded: 0)
System memory in use before: 109.7 MB.
System memory in use after: 109.7 MB.

Unloading 23 unused Assets to reduce memory usage. Loaded Objects now: 3063.
Total: 3.542400 ms (FindLiveObjects: 0.373800 ms CreateObjectMapping: 0.142500 ms MarkObjects: 2.815600 ms  DeleteObjects: 0.209500 ms)

========================================================================
Received Import Request.
  Time since last request: 13.390026 seconds.
  path: Assets/Scripts/Player/PlayerStates/SubStates/PlayerWallClimbState.cs
  artifactKey: Guid(fc68767f5bcde7f4a83b3da5f4474f6d) Importer(815301076,1909f56bfc062723c751e8b465ee728b)
Start importing Assets/Scripts/Player/PlayerStates/SubStates/PlayerWallClimbState.cs using Guid(fc68767f5bcde7f4a83b3da5f4474f6d) Importer(815301076,1909f56bfc062723c751e8b465ee728b)  -> (artifact id: 'bce03389f0085ca5ad6136340293d429') in 0.011725 seconds
  Import took 0.018690 seconds .

========================================================================
Received Prepare
Registering precompiled user dll's ...
Registered in 0.003637 seconds.
Begin MonoManager ReloadAssembly
Native extension for WindowsStandalone target not found
Refreshing native plugins compatible for Editor in 0.84 ms, found 3 plugins.
Preloading 0 native plugins for Editor in 0.00 ms.
Mono: successfully reloaded assembly
- Completed reload, in  1.783 seconds
Platform modules already initialized, skipping
Refreshing native plugins compatible for Editor in 0.63 ms, found 3 plugins.
Preloading 0 native plugins for Editor in 0.00 ms.
Unloading 2532 Unused Serialized files (Serialized files now loaded: 0)
System memory in use before: 109.7 MB.
System memory in use after: 109.8 MB.

Unloading 23 unused Assets to reduce memory usage. Loaded Objects now: 3068.
Total: 5.585100 ms (FindLiveObjects: 0.945800 ms CreateObjectMapping: 0.951700 ms MarkObjects: 3.492000 ms  DeleteObjects: 0.193200 ms)

========================================================================
Received Prepare
Registering precompiled user dll's ...
Registered in 0.005732 seconds.
Begin MonoManager ReloadAssembly
Native extension for WindowsStandalone target not found
Refreshing native plugins compatible for Editor in 0.57 ms, found 3 plugins.
Preloading 0 native plugins for Editor in 0.00 ms.
Mono: successfully reloaded assembly
- Completed reload, in  1.501 seconds
Platform modules already initialized, skipping
Refreshing native plugins compatible for Editor in 0.55 ms, found 3 plugins.
Preloading 0 native plugins for Editor in 0.00 ms.
Unloading 2532 Unused Serialized files (Serialized files now loaded: 0)
System memory in use before: 109.6 MB.
System memory in use after: 109.7 MB.

Unloading 23 unused Assets to reduce memory usage. Loaded Objects now: 3072.
Total: 3.194800 ms (FindLiveObjects: 0.299400 ms CreateObjectMapping: 0.152900 ms MarkObjects: 2.563800 ms  DeleteObjects: 0.177300 ms)

========================================================================
Received Import Request.
  Time since last request: 200.884916 seconds.
  path: Assets/Scripts/Player/PlayerStates/SubStates/PlayerWallClimbState.cs
  artifactKey: Guid(fc68767f5bcde7f4a83b3da5f4474f6d) Importer(815301076,1909f56bfc062723c751e8b465ee728b)
Start importing Assets/Scripts/Player/PlayerStates/SubStates/PlayerWallClimbState.cs using Guid(fc68767f5bcde7f4a83b3da5f4474f6d) Importer(815301076,1909f56bfc062723c751e8b465ee728b)  -> (artifact id: '61919c291d4e7b1068f63c3286721681') in 0.004793 seconds
  Import took 0.010485 seconds .

========================================================================
Received Prepare
Registering precompiled user dll's ...
Registered in 0.006280 seconds.
Begin MonoManager ReloadAssembly
Native extension for WindowsStandalone target not found
Refreshing native plugins compatible for Editor in 0.69 ms, found 3 plugins.
Preloading 0 native plugins for Editor in 0.00 ms.
Mono: successfully reloaded assembly
- Completed reload, in  1.509 seconds
Platform modules already initialized, skipping
Refreshing native plugins compatible for Editor in 0.53 ms, found 3 plugins.
Preloading 0 native plugins for Editor in 0.00 ms.
Unloading 2532 Unused Serialized files (Serialized files now loaded: 0)
System memory in use before: 109.7 MB.
System memory in use after: 109.8 MB.

Unloading 23 unused Assets to reduce memory usage. Loaded Objects now: 3076.
Total: 4.714500 ms (FindLiveObjects: 0.690600 ms CreateObjectMapping: 0.359200 ms MarkObjects: 3.447900 ms  DeleteObjects: 0.214500 ms)

========================================================================
Received Prepare
Registering precompiled user dll's ...
Registered in 0.003514 seconds.
Begin MonoManager ReloadAssembly
Native extension for WindowsStandalone target not found
Refreshing native plugins compatible for Editor in 0.57 ms, found 3 plugins.
Preloading 0 native plugins for Editor in 0.00 ms.
Mono: successfully reloaded assembly
- Completed reload, in  1.432 seconds
Platform modules already initialized, skipping
Refreshing native plugins compatible for Editor in 0.52 ms, found 3 plugins.
Preloading 0 native plugins for Editor in 0.00 ms.
Unloading 2532 Unused Serialized files (Serialized files now loaded: 0)
System memory in use before: 109.8 MB.
System memory in use after: 109.8 MB.

Unloading 23 unused Assets to reduce memory usage. Loaded Objects now: 3080.
Total: 3.039200 ms (FindLiveObjects: 0.292000 ms CreateObjectMapping: 0.136900 ms MarkObjects: 2.428700 ms  DeleteObjects: 0.180500 ms)

========================================================================
Received Prepare
Registering precompiled user dll's ...
Registered in 0.003698 seconds.
Begin MonoManager ReloadAssembly
Native extension for WindowsStandalone target not found
Refreshing native plugins compatible for Editor in 0.53 ms, found 3 plugins.
Preloading 0 native plugins for Editor in 0.00 ms.
Mono: successfully reloaded assembly
- Completed reload, in  1.353 seconds
Platform modules already initialized, skipping
Refreshing native plugins compatible for Editor in 0.69 ms, found 3 plugins.
Preloading 0 native plugins for Editor in 0.00 ms.
Unloading 2532 Unused Serialized files (Serialized files now loaded: 0)
System memory in use before: 109.8 MB.
System memory in use after: 109.8 MB.

Unloading 23 unused Assets to reduce memory usage. Loaded Objects now: 3084.
Total: 4.051800 ms (FindLiveObjects: 0.484500 ms CreateObjectMapping: 0.257800 ms MarkObjects: 3.137900 ms  DeleteObjects: 0.168900 ms)

========================================================================
Received Import Request.
  Time since last request: 754.958411 seconds.
  path: Assets/Scripts/Player/Input/Player.inputactions
  artifactKey: Guid(edb9ebbb0abfa864f8d897a94c26fcb8) Importer(815301076,1909f56bfc062723c751e8b465ee728b)
Start importing Assets/Scripts/Player/Input/Player.inputactions using Guid(edb9ebbb0abfa864f8d897a94c26fcb8) Importer(815301076,1909f56bfc062723c751e8b465ee728b)  -> (artifact id: 'dc303f6560952de68d8275167900b5f2') in 0.041945 seconds
  Import took 0.053448 seconds .

========================================================================
Received Prepare
Registering precompiled user dll's ...
Registered in 0.003812 seconds.
Begin MonoManager ReloadAssembly
Native extension for WindowsStandalone target not found
Refreshing native plugins compatible for Editor in 0.68 ms, found 3 plugins.
Preloading 0 native plugins for Editor in 0.00 ms.
Mono: successfully reloaded assembly
- Completed reload, in  1.361 seconds
Platform modules already initialized, skipping
Refreshing native plugins compatible for Editor in 1.05 ms, found 3 plugins.
Preloading 0 native plugins for Editor in 0.00 ms.
Unloading 2532 Unused Serialized files (Serialized files now loaded: 0)
System memory in use before: 109.8 MB.
System memory in use after: 109.8 MB.

Unloading 23 unused Assets to reduce memory usage. Loaded Objects now: 3088.
Total: 4.445600 ms (FindLiveObjects: 0.488800 ms CreateObjectMapping: 0.329200 ms MarkObjects: 3.392000 ms  DeleteObjects: 0.233100 ms)

========================================================================
Received Prepare
Registering precompiled user dll's ...
Registered in 0.004369 seconds.
Begin MonoManager ReloadAssembly
Native extension for WindowsStandalone target not found
Refreshing native plugins compatible for Editor in 0.73 ms, found 3 plugins.
Preloading 0 native plugins for Editor in 0.00 ms.
Mono: successfully reloaded assembly
- Completed reload, in  1.313 seconds
Platform modules already initialized, skipping
Refreshing native plugins compatible for Editor in 0.51 ms, found 3 plugins.
Preloading 0 native plugins for Editor in 0.00 ms.
Unloading 2532 Unused Serialized files (Serialized files now loaded: 0)
System memory in use before: 109.7 MB.
System memory in use after: 109.8 MB.

Unloading 23 unused Assets to reduce memory usage. Loaded Objects now: 3092.
Total: 3.121500 ms (FindLiveObjects: 0.356600 ms CreateObjectMapping: 0.137300 ms MarkObjects: 2.382100 ms  DeleteObjects: 0.244300 ms)

========================================================================
Received Prepare
Registering precompiled user dll's ...
Registered in 0.004412 seconds.
Begin MonoManager ReloadAssembly
Native extension for WindowsStandalone target not found
Refreshing native plugins compatible for Editor in 0.54 ms, found 3 plugins.
Preloading 0 native plugins for Editor in 0.00 ms.
Mono: successfully reloaded assembly
- Completed reload, in  1.424 seconds
Platform modules already initialized, skipping
Refreshing native plugins compatible for Editor in 0.56 ms, found 3 plugins.
Preloading 0 native plugins for Editor in 0.00 ms.
Unloading 2532 Unused Serialized files (Serialized files now loaded: 0)
System memory in use before: 109.8 MB.
System memory in use after: 109.9 MB.

Unloading 23 unused Assets to reduce memory usage. Loaded Objects now: 3096.
Total: 3.346900 ms (FindLiveObjects: 0.339300 ms CreateObjectMapping: 0.162000 ms MarkObjects: 2.691900 ms  DeleteObjects: 0.152300 ms)

========================================================================
Received Prepare
Registering precompiled user dll's ...
Registered in 0.003442 seconds.
Begin MonoManager ReloadAssembly
Native extension for WindowsStandalone target not found
Refreshing native plugins compatible for Editor in 0.75 ms, found 3 plugins.
Preloading 0 native plugins for Editor in 0.00 ms.
Mono: successfully reloaded assembly
- Completed reload, in  1.671 seconds
Platform modules already initialized, skipping
Refreshing native plugins compatible for Editor in 0.57 ms, found 3 plugins.
Preloading 0 native plugins for Editor in 0.00 ms.
Unloading 2532 Unused Serialized files (Serialized files now loaded: 0)
System memory in use before: 109.8 MB.
System memory in use after: 109.9 MB.

Unloading 23 unused Assets to reduce memory usage. Loaded Objects now: 3100.
Total: 3.156500 ms (FindLiveObjects: 0.258500 ms CreateObjectMapping: 0.125600 ms MarkObjects: 2.592200 ms  DeleteObjects: 0.179100 ms)

========================================================================
Received Import Request.
  Time since last request: 762.503692 seconds.
  path: Assets/Animation/Animation Controllers/PlayerAC.controller
  artifactKey: Guid(26c1f8e45be94c646aafefa8fa140bdf) Importer(815301076,1909f56bfc062723c751e8b465ee728b)
Start importing Assets/Animation/Animation Controllers/PlayerAC.controller using Guid(26c1f8e45be94c646aafefa8fa140bdf) Importer(815301076,1909f56bfc062723c751e8b465ee728b)  -> (artifact id: '58a6f04c8ebc77d0ae41803fb0cb5585') in 0.029531 seconds
  Import took 0.035704 seconds .

========================================================================
Received Prepare
Registering precompiled user dll's ...
Registered in 0.003632 seconds.
Begin MonoManager ReloadAssembly
Native extension for WindowsStandalone target not found
Refreshing native plugins compatible for Editor in 0.54 ms, found 3 plugins.
Preloading 0 native plugins for Editor in 0.00 ms.
Mono: successfully reloaded assembly
- Completed reload, in  1.419 seconds
Platform modules already initialized, skipping
Refreshing native plugins compatible for Editor in 0.67 ms, found 3 plugins.
Preloading 0 native plugins for Editor in 0.00 ms.
Unloading 2532 Unused Serialized files (Serialized files now loaded: 0)
System memory in use before: 109.8 MB.
System memory in use after: 109.9 MB.

Unloading 23 unused Assets to reduce memory usage. Loaded Objects now: 3104.
Total: 5.812900 ms (FindLiveObjects: 0.490000 ms CreateObjectMapping: 0.269800 ms MarkObjects: 4.828100 ms  DeleteObjects: 0.223000 ms)

========================================================================
Received Import Request.
  Time since last request: 711.818615 seconds.
  path: Assets/Scripts/Player/PlayerStates/SubStates/PlayerWallJumpState.cs
  artifactKey: Guid(0c4dc2876bb9f8a4bb3a56c575614c5b) Importer(815301076,1909f56bfc062723c751e8b465ee728b)
Start importing Assets/Scripts/Player/PlayerStates/SubStates/PlayerWallJumpState.cs using Guid(0c4dc2876bb9f8a4bb3a56c575614c5b) Importer(815301076,1909f56bfc062723c751e8b465ee728b)  -> (artifact id: 'e81cf6ad638bd6e4a311d1e56365197b') in 0.049060 seconds
  Import took 0.067338 seconds .

========================================================================
Received Prepare
Registering precompiled user dll's ...
Registered in 0.008969 seconds.
Begin MonoManager ReloadAssembly
Native extension for WindowsStandalone target not found
Refreshing native plugins compatible for Editor in 0.54 ms, found 3 plugins.
Preloading 0 native plugins for Editor in 0.00 ms.
Mono: successfully reloaded assembly
- Completed reload, in  1.725 seconds
Platform modules already initialized, skipping
Refreshing native plugins compatible for Editor in 0.54 ms, found 3 plugins.
Preloading 0 native plugins for Editor in 0.00 ms.
Unloading 2533 Unused Serialized files (Serialized files now loaded: 0)
System memory in use before: 109.9 MB.
System memory in use after: 109.9 MB.

Unloading 23 unused Assets to reduce memory usage. Loaded Objects now: 3109.
Total: 3.027000 ms (FindLiveObjects: 0.300400 ms CreateObjectMapping: 0.216800 ms MarkObjects: 2.374300 ms  DeleteObjects: 0.134100 ms)

========================================================================
Received Prepare
Registering precompiled user dll's ...
Registered in 0.003596 seconds.
Begin MonoManager ReloadAssembly
Native extension for WindowsStandalone target not found
Refreshing native plugins compatible for Editor in 1.39 ms, found 3 plugins.
Preloading 0 native plugins for Editor in 0.00 ms.
Mono: successfully reloaded assembly
- Completed reload, in  1.458 seconds
Platform modules already initialized, skipping
Refreshing native plugins compatible for Editor in 0.54 ms, found 3 plugins.
Preloading 0 native plugins for Editor in 0.00 ms.
Unloading 2533 Unused Serialized files (Serialized files now loaded: 0)
System memory in use before: 109.8 MB.
System memory in use after: 109.8 MB.

Unloading 23 unused Assets to reduce memory usage. Loaded Objects now: 3113.
Total: 3.209700 ms (FindLiveObjects: 0.269800 ms CreateObjectMapping: 0.129600 ms MarkObjects: 2.635600 ms  DeleteObjects: 0.173400 ms)

========================================================================
Received Import Request.
  Time since last request: 680.997729 seconds.
  path: Assets/Scripts/Player/PlayerStates/SubStates/PlayerWallJumpState.cs
  artifactKey: Guid(0c4dc2876bb9f8a4bb3a56c575614c5b) Importer(815301076,1909f56bfc062723c751e8b465ee728b)
Start importing Assets/Scripts/Player/PlayerStates/SubStates/PlayerWallJumpState.cs using Guid(0c4dc2876bb9f8a4bb3a56c575614c5b) Importer(815301076,1909f56bfc062723c751e8b465ee728b)  -> (artifact id: 'b44b9feabf40ce6d909d07771829517b') in 0.007274 seconds
  Import took 0.030127 seconds .

========================================================================
Received Prepare
Registering precompiled user dll's ...
Registered in 0.004182 seconds.
Begin MonoManager ReloadAssembly
Native extension for WindowsStandalone target not found
Refreshing native plugins compatible for Editor in 0.54 ms, found 3 plugins.
Preloading 0 native plugins for Editor in 0.00 ms.
Mono: successfully reloaded assembly
- Completed reload, in  1.254 seconds
Platform modules already initialized, skipping
Refreshing native plugins compatible for Editor in 0.61 ms, found 3 plugins.
Preloading 0 native plugins for Editor in 0.00 ms.
Unloading 2533 Unused Serialized files (Serialized files now loaded: 0)
System memory in use before: 109.9 MB.
System memory in use after: 109.9 MB.

Unloading 23 unused Assets to reduce memory usage. Loaded Objects now: 3117.
Total: 3.525700 ms (FindLiveObjects: 0.288700 ms CreateObjectMapping: 0.201300 ms MarkObjects: 2.827600 ms  DeleteObjects: 0.205700 ms)

========================================================================
Received Prepare
Registering precompiled user dll's ...
Registered in 0.006123 seconds.
Begin MonoManager ReloadAssembly
Native extension for WindowsStandalone target not found
Refreshing native plugins compatible for Editor in 0.67 ms, found 3 plugins.
Preloading 0 native plugins for Editor in 0.00 ms.
Mono: successfully reloaded assembly
- Completed reload, in  1.474 seconds
Platform modules already initialized, skipping
Refreshing native plugins compatible for Editor in 0.71 ms, found 3 plugins.
Preloading 0 native plugins for Editor in 0.00 ms.
Unloading 2533 Unused Serialized files (Serialized files now loaded: 0)
System memory in use before: 109.9 MB.
System memory in use after: 109.9 MB.

Unloading 23 unused Assets to reduce memory usage. Loaded Objects now: 3121.
Total: 3.632900 ms (FindLiveObjects: 0.299600 ms CreateObjectMapping: 0.143500 ms MarkObjects: 3.009500 ms  DeleteObjects: 0.178600 ms)

========================================================================
Received Prepare
Registering precompiled user dll's ...
Registered in 0.004452 seconds.
Begin MonoManager ReloadAssembly
Native extension for WindowsStandalone target not found
Refreshing native plugins compatible for Editor in 0.58 ms, found 3 plugins.
Preloading 0 native plugins for Editor in 0.00 ms.
Mono: successfully reloaded assembly
- Completed reload, in  1.340 seconds
Platform modules already initialized, skipping
Refreshing native plugins compatible for Editor in 0.56 ms, found 3 plugins.
Preloading 0 native plugins for Editor in 0.00 ms.
Unloading 2533 Unused Serialized files (Serialized files now loaded: 0)
System memory in use before: 109.9 MB.
System memory in use after: 110.0 MB.

Unloading 23 unused Assets to reduce memory usage. Loaded Objects now: 3125.
Total: 3.060500 ms (FindLiveObjects: 0.283400 ms CreateObjectMapping: 0.140100 ms MarkObjects: 2.443300 ms  DeleteObjects: 0.192700 ms)

========================================================================
Received Prepare
Registering precompiled user dll's ...
Registered in 0.004060 seconds.
Begin MonoManager ReloadAssembly
Native extension for WindowsStandalone target not found
Refreshing native plugins compatible for Editor in 0.65 ms, found 3 plugins.
Preloading 0 native plugins for Editor in 0.00 ms.
Mono: successfully reloaded assembly
- Completed reload, in  1.526 seconds
Platform modules already initialized, skipping
Refreshing native plugins compatible for Editor in 0.53 ms, found 3 plugins.
Preloading 0 native plugins for Editor in 0.00 ms.
Unloading 2533 Unused Serialized files (Serialized files now loaded: 0)
System memory in use before: 109.9 MB.
System memory in use after: 110.0 MB.

Unloading 23 unused Assets to reduce memory usage. Loaded Objects now: 3129.
Total: 3.025000 ms (FindLiveObjects: 0.300400 ms CreateObjectMapping: 0.201100 ms MarkObjects: 2.339300 ms  DeleteObjects: 0.183000 ms)

========================================================================
Received Prepare
Registering precompiled user dll's ...
Registered in 0.003641 seconds.
Begin MonoManager ReloadAssembly
Native extension for WindowsStandalone target not found
Refreshing native plugins compatible for Editor in 0.58 ms, found 3 plugins.
Preloading 0 native plugins for Editor in 0.00 ms.
Mono: successfully reloaded assembly
- Completed reload, in  1.428 seconds
Platform modules already initialized, skipping
Refreshing native plugins compatible for Editor in 0.54 ms, found 3 plugins.
Preloading 0 native plugins for Editor in 0.00 ms.
Unloading 2533 Unused Serialized files (Serialized files now loaded: 0)
System memory in use before: 109.8 MB.
System memory in use after: 109.9 MB.

Unloading 23 unused Assets to reduce memory usage. Loaded Objects now: 3133.
Total: 3.136800 ms (FindLiveObjects: 0.272300 ms CreateObjectMapping: 0.131300 ms MarkObjects: 2.569300 ms  DeleteObjects: 0.162900 ms)

AssetImportWorkerClient::OnTransportError - code=2 error=End of file
